<?xml version="1.0" encoding="UTF-8"?>
<!-- Generated by org.testng.reporters.JUnitReportReporter -->
<testsuite hostname="LAPTOP-9MJU3PDQ" failures="0" tests="2" name="Test.PracticeProject.HomePage" time="7.728" errors="0" timestamp="2022-01-11T11:54:37 IST" skipped="0">
  <testcase classname="Test.PracticeProject.HomePage" name="basePageNavigation" time="2.491"/>
  <system-out/>
  <testcase classname="Test.PracticeProject.HomePage" name="basePageNavigation" time="5.237"/>
  <system-out/>
</testsuite> <!-- Test.PracticeProject.HomePage -->
