<?xml version="1.0" encoding="UTF-8"?>
<!-- Generated by org.testng.reporters.JUnitReportReporter -->
<testsuite hostname="LAPTOP-9MJU3PDQ" failures="0" tests="2" name="Test.PracticeProject.HomePage" time="6.160" errors="0" timestamp="2022-01-07T17:25:58 IST" skipped="0">
  <testcase classname="Test.PracticeProject.HomePage" name="basePageNavigation" time="4.502"/>
  <system-out/>
  <testcase classname="Test.PracticeProject.HomePage" name="basePageNavigation" time="1.658"/>
  <system-out/>
</testsuite> <!-- Test.PracticeProject.HomePage -->
