<?xml version="1.0" encoding="UTF-8"?>
<!-- Generated by org.testng.reporters.JUnitReportReporter -->
<testsuite hostname="LAPTOP-9MJU3PDQ" failures="0" tests="1" name="Test.PracticeProject.UsingAssertion" time="0.051" errors="0" timestamp="2022-01-07T17:25:58 IST" skipped="0">
  <testcase classname="Test.PracticeProject.UsingAssertion" name="validation" time="0.051"/>
  <system-out/>
</testsuite> <!-- Test.PracticeProject.UsingAssertion -->
